Arguments: 
  /home/thijs/.nvm/versions/node/v16.14.2/bin/node /usr/share/yarn/bin/yarn.js

PATH: 
  /home/thijs/.config/yarn/global/node_modules/.bin:/home/thijs/.nvm/versions/node/v16.14.2/bin:/home/thijs/.krew/bin:/home/thijs/bin/android-studio/bin:/home/thijs/bin/flutter/bin:/home/thijs/bin/java/jdk17/bin:/home/thijs/bin/maven/mvn/bin:/home/thijs/bin:/home/thijs/bin-k8s:/home/linuxbrew/.linuxbrew/bin:/home/linuxbrew/.linuxbrew/sbin:/home/thijs/.cargo/bin:/home/thijs/.local/bin:/home/thijs/bin:/usr/local/sbin:/usr/local/bin:/usr/sbin:/usr/bin:/sbin:/bin:/usr/games:/usr/local/games:/snap/bin:/usr/local/go/bin:/home/thijs/go/bin:/usr/local/go/bin:/home/thijs/go/bin:/home/thijs/.local/bin:/home/thijs/.krew/bin

Yarn version: 
  1.22.19

Node version: 
  16.14.2

Platform: 
  linux x64

Trace: 
  SyntaxError: /home/thijs/github/k8s-reverse-tunnel-server/package.json: Unexpected token / in JSON at position 4
      at JSON.parse (<anonymous>)
      at /usr/share/yarn/lib/cli.js:1629:59
      at Generator.next (<anonymous>)
      at step (/usr/share/yarn/lib/cli.js:310:30)
      at /usr/share/yarn/lib/cli.js:321:13

npm manifest: 
  {
    // "type": "module",
    "devDependencies": {
      "@types/node": "^18.11.3"
    },
    "dependencies": {
      "node-fetch": "^3.2.10"
    }
  }

yarn manifest: 
  No manifest

Lockfile: 
  # THIS IS AN AUTOGENERATED FILE. DO NOT EDIT THIS FILE DIRECTLY.
  # yarn lockfile v1
  
  
  "@types/node@^18.11.3":
    "integrity" "sha512-fNjDQzzOsZeKZu5NATgXUPsaFaTxeRgFXoosrHivTl8RGeV733OLawXsGfEk9a8/tySyZUyiZ6E8LcjPFZ2y1A=="
    "resolved" "https://registry.npmjs.org/@types/node/-/node-18.11.3.tgz"
    "version" "18.11.3"
  
  "data-uri-to-buffer@^4.0.0":
    "integrity" "sha512-Vr3mLBA8qWmcuschSLAOogKgQ/Jwxulv3RNE4FXnYWRGujzrRWQI4m12fQqRkwX06C0KanhLr4hK+GydchZsaA=="
    "resolved" "https://registry.npmjs.org/data-uri-to-buffer/-/data-uri-to-buffer-4.0.0.tgz"
    "version" "4.0.0"
  
  "fetch-blob@^3.1.2", "fetch-blob@^3.1.4":
    "integrity" "sha512-7yAQpD2UMJzLi1Dqv7qFYnPbaPx7ZfFK6PiIxQ4PfkGPyNyl2Ugx+a/umUonmKqjhM4DnfbMvdX6otXq83soQQ=="
    "resolved" "https://registry.npmjs.org/fetch-blob/-/fetch-blob-3.2.0.tgz"
    "version" "3.2.0"
    dependencies:
      "node-domexception" "^1.0.0"
      "web-streams-polyfill" "^3.0.3"
  
  "formdata-polyfill@^4.0.10":
    "integrity" "sha512-buewHzMvYL29jdeQTVILecSaZKnt/RJWjoZCF5OW60Z67/GmSLBkOFM7qh1PI3zFNtJbaZL5eQu1vLfazOwj4g=="
    "resolved" "https://registry.npmjs.org/formdata-polyfill/-/formdata-polyfill-4.0.10.tgz"
    "version" "4.0.10"
    dependencies:
      "fetch-blob" "^3.1.2"
  
  "node-domexception@^1.0.0":
    "integrity" "sha512-/jKZoMpw0F8GRwl4/eLROPA3cfcXtLApP0QzLmUT/HuPCZWyB7IY9ZrMeKw2O/nFIqPQB3PVM9aYm0F312AXDQ=="
    "resolved" "https://registry.npmjs.org/node-domexception/-/node-domexception-1.0.0.tgz"
    "version" "1.0.0"
  
  "node-fetch@^3.2.10":
    "integrity" "sha512-MhuzNwdURnZ1Cp4XTazr69K0BTizsBroX7Zx3UgDSVcZYKF/6p0CBe4EUb/hLqmzVhl0UpYfgRljQ4yxE+iCxA=="
    "resolved" "https://registry.npmjs.org/node-fetch/-/node-fetch-3.2.10.tgz"
    "version" "3.2.10"
    dependencies:
      "data-uri-to-buffer" "^4.0.0"
      "fetch-blob" "^3.1.4"
      "formdata-polyfill" "^4.0.10"
  
  "web-streams-polyfill@^3.0.3":
    "integrity" "sha512-e0MO3wdXWKrLbL0DgGnUV7WHVuw9OUvL4hjgnPkIeEvESk74gAITi5G606JtZPp39cd8HA9VQzCIvA49LpPN5Q=="
    "resolved" "https://registry.npmjs.org/web-streams-polyfill/-/web-streams-polyfill-3.2.1.tgz"
    "version" "3.2.1"
